d:\chid3d\chai3d-3.1.1\obj\debug\win32\vc90.pdb
d:\chid3d\chai3d-3.1.1\obj\debug\win32\theoraaudiopacketqueue.obj
d:\chid3d\chai3d-3.1.1\obj\debug\win32\theoravideoframe.obj
d:\chid3d\chai3d-3.1.1\obj\debug\win32\caudiodevice.obj
d:\chid3d\chai3d-3.1.1\obj\debug\win32\chapticdevicehandler.obj
d:\chid3d\chai3d-3.1.1\obj\debug\win32\ceffectsurface.obj
d:\chid3d\chai3d-3.1.1\obj\debug\win32\cfileimagepng.obj
d:\chid3d\chai3d-3.1.1\obj\debug\win32\cgenericforcealgorithm.obj
d:\chid3d\chai3d-3.1.1\obj\debug\win32\csegmentarray.obj
d:\chid3d\chai3d-3.1.1\obj\debug\win32\cmaterial.obj
d:\chid3d\chai3d-3.1.1\obj\debug\win32\cshader.obj
d:\chid3d\chai3d-3.1.1\obj\debug\win32\chapticpoint.obj
d:\chid3d\chai3d-3.1.1\obj\debug\win32\clevel.obj
d:\chid3d\chai3d-3.1.1\obj\debug\win32\cmultipoint.obj
d:\chid3d\chai3d-3.1.1\obj\debug\win32\cworld.obj
d:\chid3d\chai3d-3.1.1\obj\debug\win32\theoraasync.obj
d:\chid3d\chai3d-3.1.1\obj\debug\win32\ccollisionaabb.obj
d:\chid3d\chai3d-3.1.1\obj\debug\win32\cmycustomdevice.obj
d:\chid3d\chai3d-3.1.1\obj\debug\win32\ceffectviscosity.obj
d:\chid3d\chai3d-3.1.1\obj\debug\win32\cfilemodel3ds.obj
d:\chid3d\chai3d-3.1.1\obj\debug\win32\cdraw3d.obj
d:\chid3d\chai3d-3.1.1\obj\debug\win32\ctrianglearray.obj
d:\chid3d\chai3d-3.1.1\obj\debug\win32\ctexture1d.obj
d:\chid3d\chai3d-3.1.1\obj\debug\win32\cmutex.obj
d:\chid3d\chai3d-3.1.1\obj\debug\win32\cprecisionclock.obj
d:\chid3d\chai3d-3.1.1\obj\debug\win32\cbitmap.obj
d:\chid3d\chai3d-3.1.1\obj\debug\win32\cgenericobject.obj
d:\chid3d\chai3d-3.1.1\obj\debug\win32\cshapesphere.obj
d:\chid3d\chai3d-3.1.1\obj\debug\win32\theoraframequeue.obj
d:\chid3d\chai3d-3.1.1\obj\debug\win32\theoravideoclip_theora.obj
d:\chid3d\chai3d-3.1.1\obj\debug\win32\ccollisionbrute.obj
d:\chid3d\chai3d-3.1.1\obj\debug\win32\csixensedevices.obj
d:\chid3d\chai3d-3.1.1\obj\debug\win32\ceffectstickslip.obj
d:\chid3d\chai3d-3.1.1\obj\debug\win32\cfileimagejpg.obj
d:\chid3d\chai3d-3.1.1\obj\debug\win32\calgorithmpotentialfield.obj
d:\chid3d\chai3d-3.1.1\obj\debug\win32\cprimitives.obj
d:\chid3d\chai3d-3.1.1\obj\debug\win32\cspotlight.obj
d:\chid3d\chai3d-3.1.1\obj\debug\win32\cglobals.obj
d:\chid3d\chai3d-3.1.1\obj\debug\win32\cfrequencycounter.obj
d:\chid3d\chai3d-3.1.1\obj\debug\win32\cbackground.obj
d:\chid3d\chai3d-3.1.1\obj\debug\win32\cscope.obj
d:\chid3d\chai3d-3.1.1\obj\debug\win32\cshapecylinder.obj
d:\chid3d\chai3d-3.1.1\obj\debug\win32\theoraexception.obj
d:\chid3d\chai3d-3.1.1\obj\debug\win32\theoravideomanager.obj
d:\chid3d\chai3d-3.1.1\obj\debug\win32\cgenericcollision.obj
d:\chid3d\chai3d-3.1.1\obj\debug\win32\ccamera.obj
d:\chid3d\chai3d-3.1.1\obj\debug\win32\cfileaudiowav.obj
d:\chid3d\chai3d-3.1.1\obj\debug\win32\cfilemodelobj.obj
d:\chid3d\chai3d-3.1.1\obj\debug\win32\cfont.obj
d:\chid3d\chai3d-3.1.1\obj\debug\win32\cdirectionallight.obj
d:\chid3d\chai3d-3.1.1\obj\debug\win32\ctexture2d.obj
d:\chid3d\chai3d-3.1.1\obj\debug\win32\cthread.obj
d:\chid3d\chai3d-3.1.1\obj\debug\win32\ctoolgripper.obj
d:\chid3d\chai3d-3.1.1\obj\debug\win32\cviewpanel.obj
d:\chid3d\chai3d-3.1.1\obj\debug\win32\cshapeline.obj
d:\chid3d\chai3d-3.1.1\obj\debug\win32\theoradatasource.obj
d:\chid3d\chai3d-3.1.1\obj\debug\win32\theoraworkerthread.obj
d:\chid3d\chai3d-3.1.1\obj\debug\win32\cdeltadevices.obj
d:\chid3d\chai3d-3.1.1\obj\debug\win32\cphantomdevices.obj
d:\chid3d\chai3d-3.1.1\obj\debug\win32\cgenericeffect.obj
d:\chid3d\chai3d-3.1.1\obj\debug\win32\cfileimageppm.obj
d:\chid3d\chai3d-3.1.1\obj\debug\win32\ccolor.obj
d:\chid3d\chai3d-3.1.1\obj\debug\win32\cmultiimage.obj
d:\chid3d\chai3d-3.1.1\obj\debug\win32\cpositionallight.obj
d:\chid3d\chai3d-3.1.1\obj\debug\win32\ctexturevideo.obj
d:\chid3d\chai3d-3.1.1\obj\debug\win32\ctoolcursor.obj
d:\chid3d\chai3d-3.1.1\obj\debug\win32\cpanel.obj
d:\chid3d\chai3d-3.1.1\obj\debug\win32\cshapebox.obj
d:\chid3d\chai3d-3.1.1\obj\debug\win32\openal_audiointerface.obj
d:\chid3d\chai3d-3.1.1\obj\debug\win32\caudiobuffer.obj
d:\chid3d\chai3d-3.1.1\obj\debug\win32\cgenerichapticdevice.obj
d:\chid3d\chai3d-3.1.1\obj\debug\win32\ceffectmagnet.obj
d:\chid3d\chai3d-3.1.1\obj\debug\win32\cfileimagegif.obj
d:\chid3d\chai3d-3.1.1\obj\debug\win32\calgorithmfingerproxy.obj
d:\chid3d\chai3d-3.1.1\obj\debug\win32\cpointarray.obj
d:\chid3d\chai3d-3.1.1\obj\debug\win32\cshadowmap.obj
d:\chid3d\chai3d-3.1.1\obj\debug\win32\cshaderprogram.obj
d:\chid3d\chai3d-3.1.1\obj\debug\win32\cgenericwidget.obj
d:\chid3d\chai3d-3.1.1\obj\debug\win32\cmultimesh.obj
d:\chid3d\chai3d-3.1.1\obj\debug\win32\cvoxelobject.obj
d:\chid3d\chai3d-3.1.1\obj\debug\win32\theoraaudiointerface.obj
d:\chid3d\chai3d-3.1.1\obj\debug\win32\theorautil.obj
d:\chid3d\chai3d-3.1.1\obj\debug\win32\ccollisionaabbtree.obj
d:\chid3d\chai3d-3.1.1\obj\debug\win32\cleapdevices.obj
d:\chid3d\chai3d-3.1.1\obj\debug\win32\ceffectvibration.obj
d:\chid3d\chai3d-3.1.1\obj\debug\win32\cfileimageraw.obj
d:\chid3d\chai3d-3.1.1\obj\debug\win32\cdisplaylist.obj
d:\chid3d\chai3d-3.1.1\obj\debug\win32\cfog.obj
d:\chid3d\chai3d-3.1.1\obj\debug\win32\cvideo.obj
d:\chid3d\chai3d-3.1.1\obj\debug\win32\cnormalmap.obj
d:\chid3d\chai3d-3.1.1\obj\debug\win32\cstring.obj
d:\chid3d\chai3d-3.1.1\obj\debug\win32\cdial.obj
d:\chid3d\chai3d-3.1.1\obj\debug\win32\cmesh.obj
d:\chid3d\chai3d-3.1.1\obj\debug\win32\cshapetorus.obj
d:\chid3d\chai3d-3.1.1\obj\debug\win32\theoratimer.obj
d:\chid3d\chai3d-3.1.1\obj\debug\win32\theoravideoclip.obj
d:\chid3d\chai3d-3.1.1\obj\debug\win32\caudiosource.obj
d:\chid3d\chai3d-3.1.1\obj\debug\win32\cgenericdevice.obj
d:\chid3d\chai3d-3.1.1\obj\debug\win32\cframebuffer.obj
d:\chid3d\chai3d-3.1.1\obj\debug\win32\cfileimagebmp.obj
d:\chid3d\chai3d-3.1.1\obj\debug\win32\cfilemodelstl.obj
d:\chid3d\chai3d-3.1.1\obj\debug\win32\cimage.obj
d:\chid3d\chai3d-3.1.1\obj\debug\win32\cgenericlight.obj
d:\chid3d\chai3d-3.1.1\obj\debug\win32\ctexture3d.obj
d:\chid3d\chai3d-3.1.1\obj\debug\win32\cgenerictool.obj
d:\chid3d\chai3d-3.1.1\obj\debug\win32\clabel.obj
d:\chid3d\chai3d-3.1.1\obj\debug\win32\cmultisegment.obj
d:\chid3d\chai3d-3.1.1\lib\debug\win32\chai3d.lib
d:\chid3d\chai3d-3.1.1\obj\debug\win32\adler32.obj
d:\chid3d\chai3d-3.1.1\obj\debug\win32\alauxeffectslot.obj
d:\chid3d\chai3d-3.1.1\obj\debug\win32\albuffer.obj
d:\chid3d\chai3d-3.1.1\obj\debug\win32\alc.obj
d:\chid3d\chai3d-3.1.1\obj\debug\win32\alcconfig.obj
d:\chid3d\chai3d-3.1.1\obj\debug\win32\alcdedicated.obj
d:\chid3d\chai3d-3.1.1\obj\debug\win32\alcecho.obj
d:\chid3d\chai3d-3.1.1\obj\debug\win32\alcmodulator.obj
d:\chid3d\chai3d-3.1.1\obj\debug\win32\alcreverb.obj
d:\chid3d\chai3d-3.1.1\obj\debug\win32\alcring.obj
d:\chid3d\chai3d-3.1.1\obj\debug\win32\alcthread.obj
d:\chid3d\chai3d-3.1.1\obj\debug\win32\aleffect.obj
d:\chid3d\chai3d-3.1.1\obj\debug\win32\alerror.obj
d:\chid3d\chai3d-3.1.1\obj\debug\win32\alextension.obj
d:\chid3d\chai3d-3.1.1\obj\debug\win32\alfilter.obj
d:\chid3d\chai3d-3.1.1\obj\debug\win32\allistener.obj
d:\chid3d\chai3d-3.1.1\obj\debug\win32\alsource.obj
d:\chid3d\chai3d-3.1.1\obj\debug\win32\alstate.obj
d:\chid3d\chai3d-3.1.1\obj\debug\win32\althunk.obj
d:\chid3d\chai3d-3.1.1\obj\debug\win32\alu.obj
d:\chid3d\chai3d-3.1.1\obj\debug\win32\analysis.obj
d:\chid3d\chai3d-3.1.1\obj\debug\win32\analyze.obj
d:\chid3d\chai3d-3.1.1\obj\debug\win32\apiwrapper.obj
d:\chid3d\chai3d-3.1.1\obj\debug\win32\bitpack.obj
d:\chid3d\chai3d-3.1.1\obj\debug\win32\bitrate.obj
d:\chid3d\chai3d-3.1.1\obj\debug\win32\bitwise.obj
d:\chid3d\chai3d-3.1.1\obj\debug\win32\block.obj
d:\chid3d\chai3d-3.1.1\obj\debug\win32\bs2b.obj
d:\chid3d\chai3d-3.1.1\obj\debug\win32\codebook.obj
d:\chid3d\chai3d-3.1.1\obj\debug\win32\collect.obj
d:\chid3d\chai3d-3.1.1\obj\debug\win32\compress.obj
d:\chid3d\chai3d-3.1.1\obj\debug\win32\crc32.obj
d:\chid3d\chai3d-3.1.1\obj\debug\win32\decapiwrapper.obj
d:\chid3d\chai3d-3.1.1\obj\debug\win32\decinfo.obj
d:\chid3d\chai3d-3.1.1\obj\debug\win32\decode.obj
d:\chid3d\chai3d-3.1.1\obj\debug\win32\deflate.obj
d:\chid3d\chai3d-3.1.1\obj\debug\win32\dequant.obj
d:\chid3d\chai3d-3.1.1\obj\debug\win32\dev2gif.obj
d:\chid3d\chai3d-3.1.1\obj\debug\win32\dgif_lib.obj
d:\chid3d\chai3d-3.1.1\obj\debug\win32\dsound.obj
d:\chid3d\chai3d-3.1.1\obj\debug\win32\egif_lib.obj
d:\chid3d\chai3d-3.1.1\obj\debug\win32\encapiwrapper.obj
d:\chid3d\chai3d-3.1.1\obj\debug\win32\encfrag.obj
d:\chid3d\chai3d-3.1.1\obj\debug\win32\encinfo.obj
d:\chid3d\chai3d-3.1.1\obj\debug\win32\encode.obj
d:\chid3d\chai3d-3.1.1\obj\debug\win32\encoder_disabled.obj
d:\chid3d\chai3d-3.1.1\obj\debug\win32\enquant.obj
d:\chid3d\chai3d-3.1.1\obj\debug\win32\envelope.obj
d:\chid3d\chai3d-3.1.1\obj\debug\win32\fdct.obj
d:\chid3d\chai3d-3.1.1\obj\debug\win32\floor0.obj
d:\chid3d\chai3d-3.1.1\obj\debug\win32\floor1.obj
d:\chid3d\chai3d-3.1.1\obj\debug\win32\fragment.obj
d:\chid3d\chai3d-3.1.1\obj\debug\win32\framing.obj
d:\chid3d\chai3d-3.1.1\obj\debug\win32\getarg.obj
d:\chid3d\chai3d-3.1.1\obj\debug\win32\gifalloc.obj
d:\chid3d\chai3d-3.1.1\obj\debug\win32\gif_err.obj
d:\chid3d\chai3d-3.1.1\obj\debug\win32\gif_font.obj
d:\chid3d\chai3d-3.1.1\obj\debug\win32\gif_hash.obj
d:\chid3d\chai3d-3.1.1\obj\debug\win32\glew.obj
d:\chid3d\chai3d-3.1.1\obj\debug\win32\gzclose.obj
d:\chid3d\chai3d-3.1.1\obj\debug\win32\gzlib.obj
d:\chid3d\chai3d-3.1.1\obj\debug\win32\gzread.obj
d:\chid3d\chai3d-3.1.1\obj\debug\win32\gzwrite.obj
d:\chid3d\chai3d-3.1.1\obj\debug\win32\helpers.obj
d:\chid3d\chai3d-3.1.1\obj\debug\win32\hrtf.obj
d:\chid3d\chai3d-3.1.1\obj\debug\win32\huffdec.obj
d:\chid3d\chai3d-3.1.1\obj\debug\win32\huffenc.obj
d:\chid3d\chai3d-3.1.1\obj\debug\win32\idct.obj
d:\chid3d\chai3d-3.1.1\obj\debug\win32\infback.obj
d:\chid3d\chai3d-3.1.1\obj\debug\win32\inffast.obj
d:\chid3d\chai3d-3.1.1\obj\debug\win32\inflate.obj
d:\chid3d\chai3d-3.1.1\obj\debug\win32\info.obj
d:\chid3d\chai3d-3.1.1\obj\debug\win32\infot.obj
d:\chid3d\chai3d-3.1.1\obj\debug\win32\inftrees.obj
d:\chid3d\chai3d-3.1.1\obj\debug\win32\internal.obj
d:\chid3d\chai3d-3.1.1\obj\debug\win32\jaricom.obj
d:\chid3d\chai3d-3.1.1\obj\debug\win32\jcapimin.obj
d:\chid3d\chai3d-3.1.1\obj\debug\win32\jcapistd.obj
d:\chid3d\chai3d-3.1.1\obj\debug\win32\jcarith.obj
d:\chid3d\chai3d-3.1.1\obj\debug\win32\jccoefct.obj
d:\chid3d\chai3d-3.1.1\obj\debug\win32\jccolor.obj
d:\chid3d\chai3d-3.1.1\obj\debug\win32\jcdctmgr.obj
d:\chid3d\chai3d-3.1.1\obj\debug\win32\jchuff.obj
d:\chid3d\chai3d-3.1.1\obj\debug\win32\jcinit.obj
d:\chid3d\chai3d-3.1.1\obj\debug\win32\jcmainct.obj
d:\chid3d\chai3d-3.1.1\obj\debug\win32\jcmarker.obj
d:\chid3d\chai3d-3.1.1\obj\debug\win32\jcmaster.obj
d:\chid3d\chai3d-3.1.1\obj\debug\win32\jcomapi.obj
d:\chid3d\chai3d-3.1.1\obj\debug\win32\jcparam.obj
d:\chid3d\chai3d-3.1.1\obj\debug\win32\jcprepct.obj
d:\chid3d\chai3d-3.1.1\obj\debug\win32\jcsample.obj
d:\chid3d\chai3d-3.1.1\obj\debug\win32\jctrans.obj
d:\chid3d\chai3d-3.1.1\obj\debug\win32\jdapimin.obj
d:\chid3d\chai3d-3.1.1\obj\debug\win32\jdapistd.obj
d:\chid3d\chai3d-3.1.1\obj\debug\win32\jdarith.obj
d:\chid3d\chai3d-3.1.1\obj\debug\win32\jdatadst.obj
d:\chid3d\chai3d-3.1.1\obj\debug\win32\jdatasrc.obj
d:\chid3d\chai3d-3.1.1\obj\debug\win32\jdcoefct.obj
d:\chid3d\chai3d-3.1.1\obj\debug\win32\jdcolor.obj
d:\chid3d\chai3d-3.1.1\obj\debug\win32\jddctmgr.obj
d:\chid3d\chai3d-3.1.1\obj\debug\win32\jdhuff.obj
d:\chid3d\chai3d-3.1.1\obj\debug\win32\jdinput.obj
d:\chid3d\chai3d-3.1.1\obj\debug\win32\jdmainct.obj
d:\chid3d\chai3d-3.1.1\obj\debug\win32\jdmarker.obj
d:\chid3d\chai3d-3.1.1\obj\debug\win32\jdmaster.obj
d:\chid3d\chai3d-3.1.1\obj\debug\win32\jdmerge.obj
d:\chid3d\chai3d-3.1.1\obj\debug\win32\jdpostct.obj
d:\chid3d\chai3d-3.1.1\obj\debug\win32\jdsample.obj
d:\chid3d\chai3d-3.1.1\obj\debug\win32\jdtrans.obj
d:\chid3d\chai3d-3.1.1\obj\debug\win32\jerror.obj
d:\chid3d\chai3d-3.1.1\obj\debug\win32\jfdctflt.obj
d:\chid3d\chai3d-3.1.1\obj\debug\win32\jfdctfst.obj
d:\chid3d\chai3d-3.1.1\obj\debug\win32\jfdctint.obj
d:\chid3d\chai3d-3.1.1\obj\debug\win32\jidctflt.obj
d:\chid3d\chai3d-3.1.1\obj\debug\win32\jidctfst.obj
d:\chid3d\chai3d-3.1.1\obj\debug\win32\jidctint.obj
d:\chid3d\chai3d-3.1.1\obj\debug\win32\jmemansi.obj
d:\chid3d\chai3d-3.1.1\obj\debug\win32\jmemmgr.obj
d:\chid3d\chai3d-3.1.1\obj\debug\win32\jmemnobs.obj
d:\chid3d\chai3d-3.1.1\obj\debug\win32\jquant1.obj
d:\chid3d\chai3d-3.1.1\obj\debug\win32\jquant2.obj
d:\chid3d\chai3d-3.1.1\obj\debug\win32\jutils.obj
d:\chid3d\chai3d-3.1.1\obj\debug\win32\lib3ds_atmosphere.obj
d:\chid3d\chai3d-3.1.1\obj\debug\win32\lib3ds_background.obj
d:\chid3d\chai3d-3.1.1\obj\debug\win32\lib3ds_camera.obj
d:\chid3d\chai3d-3.1.1\obj\debug\win32\lib3ds_chunk.obj
d:\chid3d\chai3d-3.1.1\obj\debug\win32\lib3ds_chunktable.obj
d:\chid3d\chai3d-3.1.1\obj\debug\win32\lib3ds_file.obj
d:\chid3d\chai3d-3.1.1\obj\debug\win32\lib3ds_io.obj
d:\chid3d\chai3d-3.1.1\obj\debug\win32\lib3ds_light.obj
d:\chid3d\chai3d-3.1.1\obj\debug\win32\lib3ds_material.obj
d:\chid3d\chai3d-3.1.1\obj\debug\win32\lib3ds_math.obj
d:\chid3d\chai3d-3.1.1\obj\debug\win32\lib3ds_matrix.obj
d:\chid3d\chai3d-3.1.1\obj\debug\win32\lib3ds_mesh.obj
d:\chid3d\chai3d-3.1.1\obj\debug\win32\lib3ds_node.obj
d:\chid3d\chai3d-3.1.1\obj\debug\win32\lib3ds_quat.obj
d:\chid3d\chai3d-3.1.1\obj\debug\win32\lib3ds_shadow.obj
d:\chid3d\chai3d-3.1.1\obj\debug\win32\lib3ds_track.obj
d:\chid3d\chai3d-3.1.1\obj\debug\win32\lib3ds_util.obj
d:\chid3d\chai3d-3.1.1\obj\debug\win32\lib3ds_vector.obj
d:\chid3d\chai3d-3.1.1\obj\debug\win32\lib3ds_viewport.obj
d:\chid3d\chai3d-3.1.1\obj\debug\win32\lookup.obj
d:\chid3d\chai3d-3.1.1\obj\debug\win32\loopback.obj
d:\chid3d\chai3d-3.1.1\obj\debug\win32\lpc.obj
d:\chid3d\chai3d-3.1.1\obj\debug\win32\lsp.obj
d:\chid3d\chai3d-3.1.1\obj\debug\win32\mapping0.obj
d:\chid3d\chai3d-3.1.1\obj\debug\win32\mathops.obj
d:\chid3d\chai3d-3.1.1\obj\debug\win32\mcenc.obj
d:\chid3d\chai3d-3.1.1\obj\debug\win32\mdct.obj
d:\chid3d\chai3d-3.1.1\obj\debug\win32\mixer.obj
d:\chid3d\chai3d-3.1.1\obj\debug\win32\mixer_c.obj
d:\chid3d\chai3d-3.1.1\obj\debug\win32\mixer_sse.obj
d:\chid3d\chai3d-3.1.1\obj\debug\win32\mmdevapi.obj
d:\chid3d\chai3d-3.1.1\obj\debug\win32\mmxencfrag.obj
d:\chid3d\chai3d-3.1.1\obj\debug\win32\mmxfdct.obj
d:\chid3d\chai3d-3.1.1\obj\debug\win32\mmxfrag.obj
d:\chid3d\chai3d-3.1.1\obj\debug\win32\mmxidct.obj
d:\chid3d\chai3d-3.1.1\obj\debug\win32\mmxstate.obj
d:\chid3d\chai3d-3.1.1\obj\debug\win32\null.obj
d:\chid3d\chai3d-3.1.1\obj\debug\win32\panning.obj
d:\chid3d\chai3d-3.1.1\obj\debug\win32\png.obj
d:\chid3d\chai3d-3.1.1\obj\debug\win32\pngerror.obj
d:\chid3d\chai3d-3.1.1\obj\debug\win32\pngget.obj
d:\chid3d\chai3d-3.1.1\obj\debug\win32\pngmem.obj
d:\chid3d\chai3d-3.1.1\obj\debug\win32\pngpread.obj
d:\chid3d\chai3d-3.1.1\obj\debug\win32\pngread.obj
d:\chid3d\chai3d-3.1.1\obj\debug\win32\pngrio.obj
d:\chid3d\chai3d-3.1.1\obj\debug\win32\pngrtran.obj
d:\chid3d\chai3d-3.1.1\obj\debug\win32\pngrutil.obj
d:\chid3d\chai3d-3.1.1\obj\debug\win32\pngset.obj
d:\chid3d\chai3d-3.1.1\obj\debug\win32\pngtrans.obj
d:\chid3d\chai3d-3.1.1\obj\debug\win32\pngwio.obj
d:\chid3d\chai3d-3.1.1\obj\debug\win32\pngwrite.obj
d:\chid3d\chai3d-3.1.1\obj\debug\win32\pngwtran.obj
d:\chid3d\chai3d-3.1.1\obj\debug\win32\pngwutil.obj
d:\chid3d\chai3d-3.1.1\obj\debug\win32\psy.obj
d:\chid3d\chai3d-3.1.1\obj\debug\win32\qprintf.obj
d:\chid3d\chai3d-3.1.1\obj\debug\win32\quant.obj
d:\chid3d\chai3d-3.1.1\obj\debug\win32\quantize.obj
d:\chid3d\chai3d-3.1.1\obj\debug\win32\rate.obj
d:\chid3d\chai3d-3.1.1\obj\debug\win32\registry.obj
d:\chid3d\chai3d-3.1.1\obj\debug\win32\res0.obj
d:\chid3d\chai3d-3.1.1\obj\debug\win32\sharedbook.obj
d:\chid3d\chai3d-3.1.1\obj\debug\win32\smallft.obj
d:\chid3d\chai3d-3.1.1\obj\debug\win32\state.obj
d:\chid3d\chai3d-3.1.1\obj\debug\win32\synthesis.obj
d:\chid3d\chai3d-3.1.1\obj\debug\win32\tokenize.obj
d:\chid3d\chai3d-3.1.1\obj\debug\win32\trees.obj
d:\chid3d\chai3d-3.1.1\obj\debug\win32\uncompr.obj
d:\chid3d\chai3d-3.1.1\obj\debug\win32\vorbisenc.obj
d:\chid3d\chai3d-3.1.1\obj\debug\win32\vorbisfile.obj
d:\chid3d\chai3d-3.1.1\obj\debug\win32\wave.obj
d:\chid3d\chai3d-3.1.1\obj\debug\win32\window.obj
d:\chid3d\chai3d-3.1.1\obj\debug\win32\winmm.obj
d:\chid3d\chai3d-3.1.1\obj\debug\win32\x86cpu.obj
d:\chid3d\chai3d-3.1.1\obj\debug\win32\x86enc.obj
d:\chid3d\chai3d-3.1.1\obj\debug\win32\x86state.obj
d:\chid3d\chai3d-3.1.1\obj\debug\win32\yuv420_grey_c.obj
d:\chid3d\chai3d-3.1.1\obj\debug\win32\yuv420_rgb_c.obj
d:\chid3d\chai3d-3.1.1\obj\debug\win32\yuv420_yuv_c.obj
d:\chid3d\chai3d-3.1.1\obj\debug\win32\yuv_util.obj
d:\chid3d\chai3d-3.1.1\obj\debug\win32\zutil.obj
d:\chid3d\chai3d-3.1.1\lib/debug/win32\chai3d.lib
d:\chid3d\chai3d-3.1.1\obj\debug\win32\chai3d.tlog\cl.command.1.tlog
d:\chid3d\chai3d-3.1.1\obj\debug\win32\chai3d.tlog\cl.read.1.tlog
d:\chid3d\chai3d-3.1.1\obj\debug\win32\chai3d.tlog\cl.write.1.tlog
d:\chid3d\chai3d-3.1.1\obj\debug\win32\chai3d.tlog\lib-link.read.1.tlog
d:\chid3d\chai3d-3.1.1\obj\debug\win32\chai3d.tlog\lib-link.write.1.tlog
d:\chid3d\chai3d-3.1.1\obj\debug\win32\chai3d.tlog\lib.command.1.tlog
